WebDriverManger successfully set browser path 
WebDriverManger successfully set browser path 
driver successfully initialized with browser
Url successfully hit
Browser successfully maximized
onway Radio button clicked successfully
source is selected
Destination is selected
Requested date is selected
search button clicked successfully
list of bus available successfully captured
list of adult price successfully captured
list of adult price successfully captured
list of adult price successfully captured
list of adult price successfully captured
list of adult price successfully captured
list of adult price successfully captured
price successfully sorted
search button clicked successfully
seat sucessfully selected
proceded towards passenger detail page
pay button successfully clicked
Success
WebDriverManger successfully set browser path 
driver successfully initialized with browser
Url successfully hit
Browser successfully maximized
onway Radio button clicked successfully
source is selected
Destination is selected
Requested date is selected
search button clicked successfully
list of bus available successfully captured
list of adult price successfully captured
list of adult price successfully captured
list of adult price successfully captured
list of adult price successfully captured
list of adult price successfully captured
list of adult price successfully captured
price successfully sorted
search button clicked successfully
seat sucessfully selected
proceded towards passenger detail page
pay button successfully clicked
Success
Browser successfully closed
WebDriverManger successfully set browser path 
driver successfully initialized with browser
Url successfully hit
Browser successfully maximized
onway Radio button clicked successfully
source is selected
Destination is selected
Requested date is selected
search button clicked successfully
list of bus available successfully captured
price successfully sorted
Browser successfully closed
WebDriverManger successfully set browser path 
driver successfully initialized with browser
Url successfully hit
Browser successfully maximized
onway Radio button clicked successfully
source is selected
Destination is selected
Requested date is selected
search button clicked successfully
list of bus available successfully captured
list of adult price successfully captured
list of adult price successfully captured
list of adult price successfully captured
list of adult price successfully captured
list of adult price successfully captured
list of adult price successfully captured
price successfully sorted
search button clicked successfully
seat sucessfully selected
proceded towards passenger detail page
pay button successfully clicked
Success
Browser successfully closed
